<?xml version="1.0" encoding="UTF-8"?>
<testng-results ignored="0" total="1" passed="1" failed="0" skipped="0">
  <reporter-output>
  </reporter-output>
  <suite started-at="2025-04-09T07:40:02 IST" name="Default suite" finished-at="2025-04-09T07:40:15 IST" duration-ms="12668">
    <groups>
    </groups>
    <test started-at="2025-04-09T07:40:02 IST" name="Default test" finished-at="2025-04-09T07:40:15 IST" duration-ms="12668">
      <class name="pracprogTest.UrlSearchPrint">
        <test-method signature="SearchUrl()[pri:0, instance:pracprogTest.UrlSearchPrint@4b2bac3f]" started-at="2025-04-09T07:40:02 IST" name="SearchUrl" finished-at="2025-04-09T07:40:15 IST" duration-ms="12624" status="PASS">
          <reporter-output>
          </reporter-output>
        </test-method> <!-- SearchUrl -->
      </class> <!-- pracprogTest.UrlSearchPrint -->
    </test> <!-- Default test -->
  </suite> <!-- Default suite -->
</testng-results>
